2024-11-12T02:55:40.746Z  INFO 8548 --- [task7] [restartedMain] ndgroups.task8.Task8Application          : Starting Task8Application using Java 18.0.1.1 with PID 8548 (C:\Users\User\Documents\kenneth\flexisaf\projects\task8\target\classes started by User in C:\Users\User\Documents\kenneth\flexisaf\projects\task8)
2024-11-12T02:55:40.760Z  INFO 8548 --- [task7] [restartedMain] ndgroups.task8.Task8Application          : No active profile set, falling back to 1 default profile: "default"
2024-11-12T02:55:41.484Z  INFO 8548 --- [task7] [restartedMain] .e.DevToolsPropertyDefaultsPostProcessor : Devtools property defaults active! Set 'spring.devtools.add-properties' to 'false' to disable
2024-11-12T02:55:41.484Z  INFO 8548 --- [task7] [restartedMain] .e.DevToolsPropertyDefaultsPostProcessor : For additional web related logging consider setting the 'logging.level.web' property to 'DEBUG'
2024-11-12T02:55:48.236Z  INFO 8548 --- [task7] [restartedMain] .s.d.r.c.RepositoryConfigurationDelegate : Bootstrapping Spring Data JPA repositories in DEFAULT mode.
2024-11-12T02:55:48.478Z  INFO 8548 --- [task7] [restartedMain] .s.d.r.c.RepositoryConfigurationDelegate : Finished Spring Data repository scanning in 219 ms. Found 1 JPA repository interface.
2024-11-12T02:55:50.672Z  INFO 8548 --- [task7] [restartedMain] o.s.b.w.embedded.tomcat.TomcatWebServer  : Tomcat initialized with port 8080 (http)
2024-11-12T02:55:50.753Z  INFO 8548 --- [task7] [restartedMain] o.apache.catalina.core.StandardService   : Starting service [Tomcat]
2024-11-12T02:55:50.754Z  INFO 8548 --- [task7] [restartedMain] o.apache.catalina.core.StandardEngine    : Starting Servlet engine: [Apache Tomcat/10.1.31]
2024-11-12T02:55:50.933Z  INFO 8548 --- [task7] [restartedMain] o.a.c.c.C.[Tomcat].[localhost].[/]       : Initializing Spring embedded WebApplicationContext
2024-11-12T02:55:50.934Z  INFO 8548 --- [task7] [restartedMain] w.s.c.ServletWebServerApplicationContext : Root WebApplicationContext: initialization completed in 9448 ms
2024-11-12T02:55:51.573Z  INFO 8548 --- [task7] [restartedMain] o.hibernate.jpa.internal.util.LogHelper  : HHH000204: Processing PersistenceUnitInfo [name: default]
2024-11-12T02:55:51.791Z  INFO 8548 --- [task7] [restartedMain] org.hibernate.Version                    : HHH000412: Hibernate ORM core version 6.5.3.Final
2024-11-12T02:55:51.867Z  INFO 8548 --- [task7] [restartedMain] o.h.c.internal.RegionFactoryInitiator    : HHH000026: Second-level cache disabled
2024-11-12T02:55:52.873Z  INFO 8548 --- [task7] [restartedMain] o.s.o.j.p.SpringPersistenceUnitInfo      : No LoadTimeWeaver setup: ignoring JPA class transformer
2024-11-12T02:55:52.976Z  INFO 8548 --- [task7] [restartedMain] com.zaxxer.hikari.HikariDataSource       : HikariPool-1 - Starting...
2024-11-12T02:55:54.846Z  INFO 8548 --- [task7] [restartedMain] com.zaxxer.hikari.pool.HikariPool        : HikariPool-1 - Added connection com.mysql.cj.jdbc.ConnectionImpl@e1e6d66
2024-11-12T02:55:54.850Z  INFO 8548 --- [task7] [restartedMain] com.zaxxer.hikari.HikariDataSource       : HikariPool-1 - Start completed.
2024-11-12T02:55:55.133Z  WARN 8548 --- [task7] [restartedMain] org.hibernate.orm.deprecation            : HHH90000025: MySQL8Dialect does not need to be specified explicitly using 'hibernate.dialect' (remove the property setting and it will be selected by default)
2024-11-12T02:55:55.135Z  WARN 8548 --- [task7] [restartedMain] org.hibernate.orm.deprecation            : HHH90000026: MySQL8Dialect has been deprecated; use org.hibernate.dialect.MySQLDialect instead
2024-11-12T02:55:57.211Z  INFO 8548 --- [task7] [restartedMain] o.h.e.t.j.p.i.JtaPlatformInitiator       : HHH000489: No JTA platform available (set 'hibernate.transaction.jta.platform' to enable JTA platform integration)
2024-11-12T02:55:59.421Z  INFO 8548 --- [task7] [restartedMain] j.LocalContainerEntityManagerFactoryBean : Initialized JPA EntityManagerFactory for persistence unit 'default'
2024-11-12T02:56:01.013Z  WARN 8548 --- [task7] [restartedMain] JpaBaseConfiguration$JpaWebConfiguration : spring.jpa.open-in-view is enabled by default. Therefore, database queries may be performed during view rendering. Explicitly configure spring.jpa.open-in-view to disable this warning
2024-11-12T02:56:01.087Z  INFO 8548 --- [task7] [restartedMain] o.s.b.a.w.s.WelcomePageHandlerMapping    : Adding welcome page template: index
2024-11-12T02:56:03.054Z  INFO 8548 --- [task7] [restartedMain] o.s.b.d.a.OptionalLiveReloadServer       : LiveReload server is running on port 35729
2024-11-12T02:56:03.139Z  INFO 8548 --- [task7] [restartedMain] o.s.b.w.embedded.tomcat.TomcatWebServer  : Tomcat started on port 8080 (http) with context path '/'
2024-11-12T02:56:03.160Z  INFO 8548 --- [task7] [restartedMain] ndgroups.task8.Task8Application          : Started Task8Application in 25.733 seconds (process running for 28.636)
